# Contig length		Number of contigs in this category
0	62
100	240
200	167
300	96
400	82
500	55
600	38
700	38
800	39
900	33
1000	24
1100	27
1200	27
1300	33
1400	25
1500	17
1600	13
1700	18
1800	17
1900	20
2000	10
2100	19
2200	3
2300	11
2400	8
2500	9
2600	5
2700	6
2800	8
2900	7
3000	4
3100	6
3200	4
3300	4
3400	4
3500	3
3600	4
3800	1
3900	4
4000	2
4100	1
4200	1
4300	3
4400	4
4500	3
4700	2
4800	2
5000	1
5100	1
5200	2
5400	2
5900	1
6200	1
6300	1
7200	1
7600	1
7900	1
8700	1
10400	1
running_length 1118570.0
total_length 1118570
number of contigs 1223
maximum contig length 10467
mean contig length 914.6116107931316
N50 1818
minimum contig length 97
mean depth of coverage 81.21345189334056
