# Contig length		Number of contigs in this category
0	23
100	91
200	42
300	32
400	31
500	20
600	15
700	15
800	16
900	7
1000	7
1100	9
1200	13
1300	6
1400	8
1500	4
1600	4
1700	7
1800	6
1900	2
2000	2
2100	9
2200	1
2300	3
2400	3
2500	4
2600	2
2700	1
2800	4
2900	2
3100	2
3200	3
3300	2
3400	2
3500	1
3600	2
3800	1
3900	1
4100	1
4200	2
4300	1
4400	2
4500	1
4700	1
4800	1
5200	1
5400	1
6200	1
6300	1
7100	1
7200	1
running_length 398983.0
total_length 398983
number of contigs 418
maximum contig length 7268
mean contig length 954.5047846889952
N50 2044
minimum contig length 97
mean depth of coverage 165.74164427756617
