# Contig length		Number of contigs in this category
0	2143
100	1493
200	413
300	255
400	176
500	141
600	101
700	97
800	86
900	65
1000	47
1100	36
1200	40
1300	28
1400	25
1500	29
1600	17
1700	17
1800	13
1900	15
2000	7
2100	12
2200	14
2300	5
2400	12
2500	11
2600	8
2700	3
2800	5
2900	1
3000	2
3100	7
3200	5
3300	4
3400	2
3500	1
3600	4
3700	1
3800	2
3900	2
4000	2
4100	3
4200	2
4300	1
4400	1
4700	2
5200	2
5600	1
5800	2
7100	1
7400	1
running_length 1794489.0
total_length 1751585
number of contigs 5363
maximum contig length 7443
mean contig length 326.6054447137796
N50 818
minimum contig length 81
mean depth of coverage 56.335248181608335
